<?xml version="1.0" encoding="UTF-8"?>
<testsuite xmlns:xsi="http://www.w3.org/2001/XMLSchema-instance" xsi:noNamespaceSchemaLocation="https://maven.apache.org/surefire/maven-surefire-plugin/xsd/surefire-test-report.xsd" name="edu.jmu.sudi.test.MySystemTest" time="5.585" tests="7" errors="1" skipped="0" failures="0">
  <properties>
    <property name="sun.desktop" value="windows"/>
    <property name="awt.toolkit" value="sun.awt.windows.WToolkit"/>
    <property name="file.encoding.pkg" value="sun.io"/>
    <property name="java.specification.version" value="1.8"/>
    <property name="sun.cpu.isalist" value=""/>
    <property name="sun.jnu.encoding" value="GBK"/>
    <property name="java.class.path" value="F:\java\xiangmu\ssmwaimai\sudi\sudi\target\test-classes;F:\java\xiangmu\ssmwaimai\sudi\sudi\target\classes;F:\repo\org\springframework\spring-aspects\5.2.8.RELEASE\spring-aspects-5.2.8.RELEASE.jar;F:\repo\org\aspectj\aspectjweaver\1.9.5\aspectjweaver-1.9.5.jar;F:\repo\org\springframework\spring-aop\5.2.8.RELEASE\spring-aop-5.2.8.RELEASE.jar;F:\repo\org\springframework\spring-beans\5.2.8.RELEASE\spring-beans-5.2.8.RELEASE.jar;F:\repo\org\springframework\spring-context-support\5.2.8.RELEASE\spring-context-support-5.2.8.RELEASE.jar;F:\repo\org\springframework\spring-core\5.2.8.RELEASE\spring-core-5.2.8.RELEASE.jar;F:\repo\org\springframework\spring-jcl\5.2.8.RELEASE\spring-jcl-5.2.8.RELEASE.jar;F:\repo\org\springframework\spring-context\5.2.8.RELEASE\spring-context-5.2.8.RELEASE.jar;F:\repo\org\springframework\spring-expression\5.2.8.RELEASE\spring-expression-5.2.8.RELEASE.jar;F:\repo\org\springframework\spring-jdbc\5.2.8.RELEASE\spring-jdbc-5.2.8.RELEASE.jar;F:\repo\org\springframework\spring-tx\5.2.8.RELEASE\spring-tx-5.2.8.RELEASE.jar;F:\repo\org\springframework\spring-test\5.2.8.RELEASE\spring-test-5.2.8.RELEASE.jar;F:\repo\org\springframework\spring-web\5.2.8.RELEASE\spring-web-5.2.8.RELEASE.jar;F:\repo\org\springframework\spring-webmvc\5.2.8.RELEASE\spring-webmvc-5.2.8.RELEASE.jar;F:\repo\org\mybatis\mybatis\3.5.5\mybatis-3.5.5.jar;F:\repo\junit\junit\4.12\junit-4.12.jar;F:\repo\org\hamcrest\hamcrest-core\1.3\hamcrest-core-1.3.jar;F:\repo\org\mybatis\mybatis-spring\2.0.5\mybatis-spring-2.0.5.jar;F:\repo\mysql\mysql-connector-java\8.0.29\mysql-connector-java-8.0.29.jar;F:\repo\com\google\protobuf\protobuf-java\3.19.4\protobuf-java-3.19.4.jar;F:\repo\com\alibaba\druid\1.1.13\druid-1.1.13.jar;F:\repo\javax\servlet\servlet-api\2.5\servlet-api-2.5.jar;F:\repo\javax\servlet\jsp-api\2.0\jsp-api-2.0.jar;F:\repo\javax\servlet\jstl\1.2\jstl-1.2.jar;F:\repo\commons-fileupload\commons-fileupload\1.4\commons-fileupload-1.4.jar;F:\repo\commons-io\commons-io\2.7\commons-io-2.7.jar;F:\repo\com\fasterxml\jackson\core\jackson-annotations\2.9.8\jackson-annotations-2.9.8.jar;F:\repo\com\fasterxml\jackson\core\jackson-databind\2.9.8\jackson-databind-2.9.8.jar;F:\repo\com\fasterxml\jackson\core\jackson-core\2.9.8\jackson-core-2.9.8.jar;F:\repo\com\alibaba\fastjson\1.1.37\fastjson-1.1.37.jar;F:\repo\com\github\pagehelper\pagehelper\5.2.0\pagehelper-5.2.0.jar;F:\repo\com\github\jsqlparser\jsqlparser\3.2\jsqlparser-3.2.jar;"/>
    <property name="java.vm.vendor" value="Oracle Corporation"/>
    <property name="sun.arch.data.model" value="32"/>
    <property name="user.variant" value=""/>
    <property name="java.vendor.url" value="http://java.oracle.com/"/>
    <property name="user.timezone" value="Asia/Shanghai"/>
    <property name="java.vm.specification.version" value="1.8"/>
    <property name="os.name" value="Windows 10"/>
    <property name="user.country" value="CN"/>
    <property name="sun.java.launcher" value="SUN_STANDARD"/>
    <property name="sun.boot.library.path" value="C:\Program Files (x86)\Java\jdk1.8.0_311\jre\bin"/>
    <property name="sun.java.command" value="C:\Users\19307\AppData\Local\Temp\surefire5611272887396730567\surefirebooter5916846381996644393.jar C:\Users\19307\AppData\Local\Temp\surefire5611272887396730567 2024-12-28T19-25-44_285-jvmRun1 surefire6000721866212160337tmp surefire_05006221325932731227tmp"/>
    <property name="surefire.test.class.path" value="F:\java\xiangmu\ssmwaimai\sudi\sudi\target\test-classes;F:\java\xiangmu\ssmwaimai\sudi\sudi\target\classes;F:\repo\org\springframework\spring-aspects\5.2.8.RELEASE\spring-aspects-5.2.8.RELEASE.jar;F:\repo\org\aspectj\aspectjweaver\1.9.5\aspectjweaver-1.9.5.jar;F:\repo\org\springframework\spring-aop\5.2.8.RELEASE\spring-aop-5.2.8.RELEASE.jar;F:\repo\org\springframework\spring-beans\5.2.8.RELEASE\spring-beans-5.2.8.RELEASE.jar;F:\repo\org\springframework\spring-context-support\5.2.8.RELEASE\spring-context-support-5.2.8.RELEASE.jar;F:\repo\org\springframework\spring-core\5.2.8.RELEASE\spring-core-5.2.8.RELEASE.jar;F:\repo\org\springframework\spring-jcl\5.2.8.RELEASE\spring-jcl-5.2.8.RELEASE.jar;F:\repo\org\springframework\spring-context\5.2.8.RELEASE\spring-context-5.2.8.RELEASE.jar;F:\repo\org\springframework\spring-expression\5.2.8.RELEASE\spring-expression-5.2.8.RELEASE.jar;F:\repo\org\springframework\spring-jdbc\5.2.8.RELEASE\spring-jdbc-5.2.8.RELEASE.jar;F:\repo\org\springframework\spring-tx\5.2.8.RELEASE\spring-tx-5.2.8.RELEASE.jar;F:\repo\org\springframework\spring-test\5.2.8.RELEASE\spring-test-5.2.8.RELEASE.jar;F:\repo\org\springframework\spring-web\5.2.8.RELEASE\spring-web-5.2.8.RELEASE.jar;F:\repo\org\springframework\spring-webmvc\5.2.8.RELEASE\spring-webmvc-5.2.8.RELEASE.jar;F:\repo\org\mybatis\mybatis\3.5.5\mybatis-3.5.5.jar;F:\repo\junit\junit\4.12\junit-4.12.jar;F:\repo\org\hamcrest\hamcrest-core\1.3\hamcrest-core-1.3.jar;F:\repo\org\mybatis\mybatis-spring\2.0.5\mybatis-spring-2.0.5.jar;F:\repo\mysql\mysql-connector-java\8.0.29\mysql-connector-java-8.0.29.jar;F:\repo\com\google\protobuf\protobuf-java\3.19.4\protobuf-java-3.19.4.jar;F:\repo\com\alibaba\druid\1.1.13\druid-1.1.13.jar;F:\repo\javax\servlet\servlet-api\2.5\servlet-api-2.5.jar;F:\repo\javax\servlet\jsp-api\2.0\jsp-api-2.0.jar;F:\repo\javax\servlet\jstl\1.2\jstl-1.2.jar;F:\repo\commons-fileupload\commons-fileupload\1.4\commons-fileupload-1.4.jar;F:\repo\commons-io\commons-io\2.7\commons-io-2.7.jar;F:\repo\com\fasterxml\jackson\core\jackson-annotations\2.9.8\jackson-annotations-2.9.8.jar;F:\repo\com\fasterxml\jackson\core\jackson-databind\2.9.8\jackson-databind-2.9.8.jar;F:\repo\com\fasterxml\jackson\core\jackson-core\2.9.8\jackson-core-2.9.8.jar;F:\repo\com\alibaba\fastjson\1.1.37\fastjson-1.1.37.jar;F:\repo\com\github\pagehelper\pagehelper\5.2.0\pagehelper-5.2.0.jar;F:\repo\com\github\jsqlparser\jsqlparser\3.2\jsqlparser-3.2.jar;"/>
    <property name="sun.cpu.endian" value="little"/>
    <property name="user.home" value="C:\Users\19307"/>
    <property name="user.language" value="zh"/>
    <property name="java.specification.vendor" value="Oracle Corporation"/>
    <property name="java.home" value="C:\Program Files (x86)\Java\jdk1.8.0_311\jre"/>
    <property name="basedir" value="F:\java\xiangmu\ssmwaimai\sudi\sudi"/>
    <property name="file.separator" value="\"/>
    <property name="line.separator" value="&#10;"/>
    <property name="java.vm.specification.vendor" value="Oracle Corporation"/>
    <property name="java.specification.name" value="Java Platform API Specification"/>
    <property name="java.awt.graphicsenv" value="sun.awt.Win32GraphicsEnvironment"/>
    <property name="surefire.real.class.path" value="C:\Users\19307\AppData\Local\Temp\surefire5611272887396730567\surefirebooter5916846381996644393.jar"/>
    <property name="sun.boot.class.path" value="C:\Program Files (x86)\Java\jdk1.8.0_311\jre\lib\resources.jar;C:\Program Files (x86)\Java\jdk1.8.0_311\jre\lib\rt.jar;C:\Program Files (x86)\Java\jdk1.8.0_311\jre\lib\sunrsasign.jar;C:\Program Files (x86)\Java\jdk1.8.0_311\jre\lib\jsse.jar;C:\Program Files (x86)\Java\jdk1.8.0_311\jre\lib\jce.jar;C:\Program Files (x86)\Java\jdk1.8.0_311\jre\lib\charsets.jar;C:\Program Files (x86)\Java\jdk1.8.0_311\jre\lib\jfr.jar;C:\Program Files (x86)\Java\jdk1.8.0_311\jre\classes"/>
    <property name="user.script" value=""/>
    <property name="sun.management.compiler" value="HotSpot Client Compiler"/>
    <property name="java.runtime.version" value="1.8.0_311-b11"/>
    <property name="user.name" value="19307"/>
    <property name="path.separator" value=";"/>
    <property name="os.version" value="10.0"/>
    <property name="java.endorsed.dirs" value="C:\Program Files (x86)\Java\jdk1.8.0_311\jre\lib\endorsed"/>
    <property name="java.runtime.name" value="Java(TM) SE Runtime Environment"/>
    <property name="file.encoding" value="GBK"/>
    <property name="java.vm.name" value="Java HotSpot(TM) Client VM"/>
    <property name="localRepository" value="F:\repo"/>
    <property name="java.vendor.url.bug" value="http://bugreport.sun.com/bugreport/"/>
    <property name="java.io.tmpdir" value="C:\Users\19307\AppData\Local\Temp\"/>
    <property name="idea.version" value="2022.1.4"/>
    <property name="java.version" value="1.8.0_311"/>
    <property name="user.dir" value="F:\java\xiangmu\ssmwaimai\sudi\sudi"/>
    <property name="os.arch" value="x86"/>
    <property name="java.vm.specification.name" value="Java Virtual Machine Specification"/>
    <property name="java.awt.printerjob" value="sun.awt.windows.WPrinterJob"/>
    <property name="sun.os.patch.level" value=""/>
    <property name="java.library.path" value="C:\Program Files (x86)\Java\jdk1.8.0_311\jre\bin;C:\WINDOWS\Sun\Java\bin;C:\WINDOWS\system32;C:\WINDOWS;C:\Program Files\Common Files\Oracle\Java\javapath;C:\Windows\System32;C:\Program Files\Git\cmd;F:\java\xiangmu\nvm;C:\Program Files\nodejs;F:\java\javaSE\jdk17\JDK17\bin;C:\Program Files (x86)\Yarn\bin\;%CATALINA_HOME%\bin;F:\java\javaSE\Maven\apache-maven-3.6.3-bin_GpPYhSuv6k\apache-maven-3.6.3\bin;;C:\Program Files\NVIDIA Corporation\NVIDIA NvDLISR;C:\Program Files (x86)\NVIDIA Corporation\PhysX\Common;F:\java\javaSE\jdk17\JDK17\bin;C:\Users\19307\AppData\Local\Microsoft\WindowsApps;C:\Program Files (x86)\Tencent\QQGameTempest\Hall.57795\;C:\Program Files\MySQL\MySQL Server 8.0\bin\;C:\Program Files\Azure Data Studio\bin;C:\Program Files\Mozilla Firefox;F:\java\javaWeb\csCode\Microsoft VS Code\bin;C:\Users\19307\AppData\Roaming\npm;F:\java\weixin\微信web开发者工具\dll;F:\java\webStorm\WebStorm 2024.1.3\bin;;F:\java\xiangmu\nvm;C:\Program Files\nodejs;C:\Users\19307\AppData\Local\Yarn\bin;F:\java\javaWeb\tomcat\apache-tomcat-9.0.27-windows-x64\apache-tomcat-9.0.27\bin;F:\java\javaSE\Maven\apache-maven-3.6.3-bin_GpPYhSuv6k\apache-maven-3.6.3\bin;;."/>
    <property name="java.vm.info" value="mixed mode, sharing"/>
    <property name="java.vendor" value="Oracle Corporation"/>
    <property name="java.vm.version" value="25.311-b11"/>
    <property name="java.ext.dirs" value="C:\Program Files (x86)\Java\jdk1.8.0_311\jre\lib\ext;C:\WINDOWS\Sun\Java\lib\ext"/>
    <property name="sun.io.unicode.encoding" value="UnicodeLittle"/>
    <property name="maven.repo.local" value="F:\repo"/>
    <property name="java.class.version" value="52.0"/>
  </properties>
  <testcase name="test1" classname="edu.jmu.sudi.test.MySystemTest" time="0.569">
    <error message="&#10;### Error updating database.  Cause: java.sql.SQLIntegrityConstraintViolationException: Cannot delete or update a parent row: a foreign key constraint fails (`sudi`.`sudi_deliver`, CONSTRAINT `userId` FOREIGN KEY (`userId`) REFERENCES `sudi_user` (`userId`))&#10;### The error may exist in file [F:\java\xiangmu\ssmwaimai\sudi\sudi\target\classes\edu\jmu\sudi\dao\UserMapper.xml]&#10;### The error may involve defaultParameterMap&#10;### The error occurred while setting parameters&#10;### SQL: delete from sudi_user where userId=?&#10;### Cause: java.sql.SQLIntegrityConstraintViolationException: Cannot delete or update a parent row: a foreign key constraint fails (`sudi`.`sudi_deliver`, CONSTRAINT `userId` FOREIGN KEY (`userId`) REFERENCES `sudi_user` (`userId`))&#10;; Cannot delete or update a parent row: a foreign key constraint fails (`sudi`.`sudi_deliver`, CONSTRAINT `userId` FOREIGN KEY (`userId`) REFERENCES `sudi_user` (`userId`)); nested exception is java.sql.SQLIntegrityConstraintViolationException: Cannot delete or update a parent row: a foreign key constraint fails (`sudi`.`sudi_deliver`, CONSTRAINT `userId` FOREIGN KEY (`userId`) REFERENCES `sudi_user` (`userId`))" type="org.springframework.dao.DataIntegrityViolationException">org.springframework.dao.DataIntegrityViolationException: 

### Error updating database.  Cause: java.sql.SQLIntegrityConstraintViolationException: Cannot delete or update a parent row: a foreign key constraint fails (`sudi`.`sudi_deliver`, CONSTRAINT `userId` FOREIGN KEY (`userId`) REFERENCES `sudi_user` (`userId`))
### The error may exist in file [F:\java\xiangmu\ssmwaimai\sudi\sudi\target\classes\edu\jmu\sudi\dao\UserMapper.xml]
### The error may involve defaultParameterMap
### The error occurred while setting parameters
### SQL: delete from sudi_user where userId=?
### Cause: java.sql.SQLIntegrityConstraintViolationException: Cannot delete or update a parent row: a foreign key constraint fails (`sudi`.`sudi_deliver`, CONSTRAINT `userId` FOREIGN KEY (`userId`) REFERENCES `sudi_user` (`userId`))
; Cannot delete or update a parent row: a foreign key constraint fails (`sudi`.`sudi_deliver`, CONSTRAINT `userId` FOREIGN KEY (`userId`) REFERENCES `sudi_user` (`userId`)); nested exception is java.sql.SQLIntegrityConstraintViolationException: Cannot delete or update a parent row: a foreign key constraint fails (`sudi`.`sudi_deliver`, CONSTRAINT `userId` FOREIGN KEY (`userId`) REFERENCES `sudi_user` (`userId`))
	at edu.jmu.sudi.test.MySystemTest.test1(MySystemTest.java:43)
Caused by: java.sql.SQLIntegrityConstraintViolationException: Cannot delete or update a parent row: a foreign key constraint fails (`sudi`.`sudi_deliver`, CONSTRAINT `userId` FOREIGN KEY (`userId`) REFERENCES `sudi_user` (`userId`))
	at edu.jmu.sudi.test.MySystemTest.test1(MySystemTest.java:43)
</error>
    <system-out><![CDATA[Logging initialized using 'class org.apache.ibatis.logging.stdout.StdOutImpl' adapter.
Creating a new SqlSession
SqlSession [org.apache.ibatis.session.defaults.DefaultSqlSession@7aa82b] was not registered for synchronization because synchronization is not active
JDBC Connection [com.mysql.cj.jdbc.ConnectionImpl@179a760] will not be managed by Spring
==>  Preparing: delete from sudi_user_role where userId=?
==> Parameters: 14(Long)
<==    Updates: 2
Closing non transactional SqlSession [org.apache.ibatis.session.defaults.DefaultSqlSession@7aa82b]
Creating a new SqlSession
SqlSession [org.apache.ibatis.session.defaults.DefaultSqlSession@d731d0] was not registered for synchronization because synchronization is not active
JDBC Connection [com.mysql.cj.jdbc.ConnectionImpl@179a760] will not be managed by Spring
==>  Preparing: delete from sudi_user where userId=?
==> Parameters: 14(Long)
Closing non transactional SqlSession [org.apache.ibatis.session.defaults.DefaultSqlSession@d731d0]
]]></system-out>
    <system-err><![CDATA[十二月 28, 2024 7:25:45 下午 org.springframework.test.context.support.AbstractTestContextBootstrapper getDefaultTestExecutionListenerClassNames
信息: Loaded default TestExecutionListener class names from location [META-INF/spring.factories]: [org.springframework.test.context.web.ServletTestExecutionListener, org.springframework.test.context.support.DirtiesContextBeforeModesTestExecutionListener, org.springframework.test.context.support.DependencyInjectionTestExecutionListener, org.springframework.test.context.support.DirtiesContextTestExecutionListener, org.springframework.test.context.transaction.TransactionalTestExecutionListener, org.springframework.test.context.jdbc.SqlScriptsTestExecutionListener, org.springframework.test.context.event.EventPublishingTestExecutionListener]
十二月 28, 2024 7:25:45 下午 org.springframework.test.context.support.AbstractTestContextBootstrapper getTestExecutionListeners
信息: Using TestExecutionListeners: [org.springframework.test.context.web.ServletTestExecutionListener@f2b07d, org.springframework.test.context.support.DirtiesContextBeforeModesTestExecutionListener@4a52ec, org.springframework.test.context.support.DependencyInjectionTestExecutionListener@e52dcd, org.springframework.test.context.support.DirtiesContextTestExecutionListener@93d195, org.springframework.test.context.transaction.TransactionalTestExecutionListener@181e022, org.springframework.test.context.jdbc.SqlScriptsTestExecutionListener@17e1b0c, org.springframework.test.context.event.EventPublishingTestExecutionListener@32c52b]
十二月 28, 2024 7:25:50 下午 com.alibaba.druid.support.logging.JakartaCommonsLoggingImpl info
信息: {dataSource-1} inited
]]></system-err>
  </testcase>
  <testcase name="test2" classname="edu.jmu.sudi.test.MySystemTest" time="0.003"/>
  <testcase name="test3" classname="edu.jmu.sudi.test.MySystemTest" time="0.001"/>
  <testcase name="test4" classname="edu.jmu.sudi.test.MySystemTest" time="0.037"/>
  <testcase name="test5" classname="edu.jmu.sudi.test.MySystemTest" time="0"/>
  <testcase name="test6" classname="edu.jmu.sudi.test.MySystemTest" time="0.068"/>
  <testcase name="test7" classname="edu.jmu.sudi.test.MySystemTest" time="0"/>
</testsuite>